NAME: Diego Avena
STUDENT ID: 2299333


HERE THE STATISTICS FROM THE DNA :

MEAN DNA LENGTH: 4.27273
SUM OF THE DNA LENGTHS: 47
VARIANCE OF THE DNA LENGTHS: 6.19835
STANDARD DEVIATION OF DNA LENGTHS: 2.48965


PROBABILITIES OF EACH NUCLEOTIDE: 
A: 34.0426%
C: 2.12766%
T: 27.6596%
G: 36.1702%


PROBABILITIES OF EACH NUCLEOTIDE PAIR: 
AA 8.69565%
AC 0%
AT 13.0435%
AG 8.69565%

CC 0%
CA 0%
CT 4.34783%
CG 0%

TT 17.3913%
TA 0%
TC 0%
TG 0%

GG 17.3913%
GA 26.087%
GC 0%
GT 4.34783%


HERE ARE 1000 DNA STRINGS GENERATED WITH THE SAME FREQUENCY OF NUCLEOTIDES AS ABOVE:
TGTAAA
CTTTA
ATAC
AT
AG
TCCCA
A
TTGG
CGCCCCCCTG
AAGAG
GC
GCCTA
TGCGA
GCG
TGTGA
AAC
CGACGAC
TGTC
C
G
G
CTGTCGC
TTGCCTC
CTTTCG
ACGCGT
A
CGGAA
CGTTTG
C
C
TTTAA
GGT
CACCCA
G
C
GGTT
TTGA
TCTAC
GCGTGATT
GAAGTC
CTA
TC
GAATTGT
AA
ACCA
TC
TT
CAAAAAGTTA
CTTTTTTAC
CT
CTT
TGTCAAGC
AGCC
ACGT
CAAAGTTCT
GG
ACC
GGACA
CTGTTG
AGGCGC
TGCT
TACA
TAG
GC
ATCAGCCCCAAA
AGGCTAG
TCTAC
GAAGGGCGC
TAAGC
TACT
ACCGT
AGTTCA
TTGGTT
TCGTTT
GGGT
TA
AGTTG
ATA
GATA
AAGTTTTG
AGTTTGTGATATG
TTTGTGAAG
G
T
TGATGATT
GGGT
TAAAG
GGA
AGAG
TTTGG
ATG
AAAGAGTATG
GTA
TTA
TGTA
A
ATA
T
TATAGGT
TGAAGGTAA
GGTGTAA
G
TT
GTGTGGA
AGG
GTGG
G
GTATG
TGGGAGT
GG
TAGT
ATTTG
TTAATATTAGGGA
GG
GAT
TGAGGTT
G
AG
ATG
GTG
TAGG
A
GTAAGT
AG
TG
GT
AAA
GGTG
AAAG
AAT
ATG
ATTG
TTTATTTGATT
ATGGGAG
AGGGG
A
TTG
GATGT
AAA
GAA
GA
TT
AGA
GTG
AGTTTTA
ATGT
GGAGGTAGA
GGAG
TAATG
TA
TTTGTA
T
TAATTG
TTT
AG
G
GAAG
ATTTG
TAGGT
GAGGT
T
AG
AG
GTTATG
G
TAG
ATAGGA
G
G
AATTA
GGGTG
GATTG
AGAA
A
GA
AAGG
ATT
G
A
GG
T
TGGA
GT
G
GGAGTA
AGAG
TAA
GG
GATAAG
TGTTTG
TGTTTGG
AAGGGG
TA
ATGG
G
TAA
AA
TG
TGATAAAAGAATT
ATGTTGAGAGTTTG
TTT
T
TGAT
AGAAAGGGA
GTT
GTAATG
G
AGTATGTTTGGGGTGTT
TAATTGGTTTT
TGGTGAT
TG
TAGTTATT
TG
ATGTATTGGAGG
TA
TGT
TGA
AA
TG
TGG
GGGTAAAAG
AATTG
AAG
AG
GTA
TAATA
TAT
T
GTTGAA
TGAG
GGAGGTTT
AG
GTAGTAGG
AGAAAGTAGG
AGGTA
T
T
TT
GGAA
GTGG
TAA
TT
ATT
T
TT
TG
GATTGGAG
GG
TG
GA
G
TAAGTGA
GAT
TA
TGA
GGATGGT
TT
GTGTT
TAGTGAA
GTTTA
GA
T
TGAGAT
ATAG
AGGGAG
GATGAAATTTG
TA
AGTGGGTGGGGA
TTGAAGTGTAA
TGGG
GATAGAA
TAGT
TT
AATG
A
AA
AATTAG
GGGATGGGAATT
GTGAG
TTTG
TAGAGTGG
ATTGTG
AT
G
GGTGA
A
TAG
GAT
TA
TGTA
TAT
TTGAA
T
AA
AT
GAATAA
GTT
AATAGTGA
GTAGG
G
TATGATGT
GG
T
ATT
AT
AGTAATTGAAAGGG
GTATAAG
T
TTT
GTTA
TTT
A
T
ATT
G
GTTTTAG
ATTATAGGAT
A
GAGAG
TA
GGATGAT
GAGAT
ATAAAGGGGTT
A
T
TTA
TTAA
GGATG
TGATA
TAGTTT
T
AAA
AGGTGT
GTT
GGGA
ATA
GTGTGTAAAG
T
GGGTATTT
AGAATTTATTA
GT
TTAAGGGGA
TT
TTA
TTAA
A
TGAT
AGAA
GT
A
T
TGGA
TGT
AGGATATGTGGGGG
AGT
TGAAAT
GAGG
TGA
G
G
TGAA
TG
ATG
TTTAT
A
TATAG
ATTAAGGAA
GA
GTG
AATGTGG
TGGAG
AGAAAGTAA
TTTGTA
GG
T
AAG
TAGGTTGGAA
TATTAGAG
ATATGAG
TG
A
T
T
AG
T
GGGGG
GGAGAAGAA
A
TT
AAGTAG
TTTT
TAGTTAGA
TATG
A
GGG
AATGTT
ATAGGT
GGT
AATGTAGA
AGTTA
TAGATT
TG
GA
T
ATTGT
GGT
TTG
GT
TAA
T
T
AGGGGGTA
GGGTT
AGGT
TGAGT
AATT
AG
AG
GTGA
TTGAAAG
A
GGA
TTG
T
GTGA
GTTG
GT
GTTTTGT
AAG
TATTTG
G
AT
TAGTAAGAT
TTG
G
TGTT
ATAT
GT
TTGT
A
A
A
TAATTT
A
TTTTA
GAGTGTATTAG
TTGTTA
GTGAGATA
AG
GTGA
GTGA
GAGTAA
GTGG
GG
A
TTTT
TTAGTAG
ATAGG
G
TTT
TA
AA
TTG
GGAA
A
TTTA
GGGT
T
AAG
GA
GG
AAGTTAAAG
AATTTT
T
AAGT
G
TT
AGGTGTTAA
GGAGGG
TAATA
GATG
TGT
AATA
GAAGGAG
TTA
AATAA
AGG
TG
A
TAGTTGT
AAAGATAT
T
TGAAAAATGG
AAT
AAGA
A
GTG
TATG
TGT
GTTGG
T
GTG
GAGAAA
AGTG
ATG
AT
AGATGTAAT
G
GT
ATAT
AGTA
GATAAG
AAGGGATT
AT
GTGGGG
TTGTAGGGATAAGT
AT
TTG
TATATT
TGTAA
GT
TTG
GT
G
GG
TGGTAGTTTA
TTA
TTTAAGGA
ATA
GGGGTA
GG
ATGT
AATGATAGGGT
GGTT
TAGGG
TAGG
TGGTG
GAAGA
T
GGAAATGG
A
G
GTGAGTT
T
ATGATGGGGTAAGGGT
GGGG
G
GGTG
GGATTAATG
GGGT
ATAAGG
GTTGGGG
GTA
AT
G
AT
TGTAATG
GGT
TAG
ATAG
G
T
AGATT
AA
GGT
TAAG
AATAAT
TTTT
AT
TGTTAAAG
TG
TAATAAG
TAGGGA
GTAAATA
T
T
AT
AAAATAG
A
TATAT
A
ATA
ATA
GAATA
GGTTTG
GTGAAGAA
TTTAGGA
T
TT
AG
AGAGTT
TGGA
ATATGGTGG
A
GGG
GAGTAT
GTATGT
GGG
TGT
TTG
TT
ATTTGTGA
T
GTA
AA
AAGGGGT
AAAAGTA
GATG
GT
GA
G
GGTTATA
GAA
ATA
G
GT
GTATTTT
G
GT
GGGTAAG
GGTTT
GTG
GATTA
GTTGTTTTT
AAA
ATTGGTG
AG
A
TTGGGTAAGG
GGGGGAG
GGTA
AATGGTTGTGAT
GTG
AAGTAAGAGG
AGTA
TG
TTA
A
GTTTAGAA
A
GA
AAAAGAGT
G
TAGT
GAT
AGTA
AT
GT
GATGAT
ATT
TA
AAGGTAAA
AGTAAATAA
AGAT
GG
TGTTAGT
ATTTTTGT
GGTGG
GTAG
GGG
TGG
AT
GAT
TGGATGT
GTAAT
GAAGG
GA
G
A
ATT
GGG
TG
GA
TG
GAGGTA
T
GTG
TAA
TGATTAGGT
AGATTAGG
ATTTGTGA
A
G
ATTGTG
T
AGTTGG
A
TAG
GGAT
AGA
GAA
TGGTGGG
GG
TAGG
TATAGTAT
GTAG
TAAATGTGATGT
TT
GAGGAATG
ATTTTGATGGG
ATGTAGTG
TGAG
GTT
AAGTAAAA
GAG
TAATAAGTAGA
G
AT
TGAT
GA
AGGAT
TTGGTATG
GTTT
TAGA
GGGTTAA
AGGT
TAATTGGGTATG
TTG
AT
GTGT
TG
ATGATGT
GATGA
GTGATA
TGTTAATG
AA
GAAGTGA
AAGA
GG
GAATGTGGGG
TTGGT
TT
TTTGT
A
G
TTGATAGTA
AG
T
AG
GGATG
GG
GGT
GTGATTATT
GAA
ATA
GT
GATGGTTGG
T
GAGGG
GT
GT
GTGAAT
ATAATT
GGTTAAAG
GTT
TA
T
AGGAGATGA
TGGTAAGA
AGGTTGTAATGGGTG
GTTG
TG
TTTTA
TAAG
GAG
TATT
T
TAA
AGTG
TAA
TGGTA
GGT
GAAGATG
ATTT
ATT
AA
AGTGT
GAGT
AGTTTG
TAA
TAGGTAT
T
AAG
TTATT
TA
TT
AA
GG
AT
GTGAGAATGAT
AATTT
G
GTGT
TGAAGA
GTAG
GGGT
AA
ATT
TTTTA
AAATT
TAGGAGTT
TAAAT
AGA
GGAAAA
GAA
A
GGGGG
A
GAGAG
AG
AA
GAAA
AGGGA
GGGGAA
AA
GAG
A
GAGG
AAAA
AAG
GAAAAA
G
GA
A
GG
GAAGGG
AAG
GG
AGG
AGGGGAG
AAAGG
A
AGGAA
AGGAAG
GGAGAGAAAGA
GAGG
A
GGAAG
AGA
G
AGGGG
GGAA
GGAAA
A
GGGAAG
AAGGAGGAGA
GGGGA
G
G
G
A
G
AGGAG
GG
A
AGG
GG
A
AAAGAAAGA
A
GG
GGG
GGGG
AGGAGA
AAGAAG
GA
GGA
GAGAG
A
AGG
GGG
GAGGGG
GGGAAGGA
GGG
GGA
GA
AGA
A
G
AG
GAAGGGGGGA
A
GGGAAAG
AGAAA
A
AAAGGAAGAG
GGGGGAGG
AGAA
AAGG
AAGGG
GGGGG
AAAA
AAGG
GAGAA
AAGAGGA
G
GGGGAGGAG
G
AGAGGGA
GAAG
G
GGA
AGAAG
GA
A
A
G
AGGG
GGAAAGGA
GGGGAGAAA
A
GGGG
AAGG
GAGGAGGA
AAAGG
AG
AG
AGG
AG
G
AGGG
GAAAAAGA
A
GAAG
A
A
GAAGGG
GAAGGAAGAG
GGGAG
GGAGAGA
GGAG
GAGGA
AGG
AAAGA
GAAAG
AAA
GAAGAGAA
AAAGGGGAAG
AA
AGGAG
AA
GAGG
AA
AGAAGAG
GGA
G
GAAA
AAG
AGAAGGG
GGGGGAG
AGAAG
AGGAA
GAA
AGGGG
AAGGGGGAAGA
AGA
AGGGGA
GGGGAA
GAA
A
A
A
GGG
GGAGAA
AGGGG
GGA
GAAAG
A
AA
AGAGAGA
GAGG
AAAGGAGGGGGG
A
GAAGAGG
AAGAA
A
AGGG
GAA
GG
GAGAAA
AAA
GAAA
AA
G
GAGAAGAGAG
AAAAA
AAAAAAA
AA
A
AAAAAAA
AAAAA
AAAAAA
AAAA
AA
A
A
AAAA
AA
AAAAAA
AAA
AAAAAAA

-----------------------------------------------------------------------------------------


HERE THE STATISTICS FROM THE DNA :

MEAN DNA LENGTH: 6
SUM OF THE DNA LENGTHS: 72
VARIANCE OF THE DNA LENGTHS: 1.33333
STANDARD DEVIATION OF DNA LENGTHS: 1.1547


PROBABILITIES OF EACH NUCLEOTIDE: 
A: 37.5%
C: 20.8333%
T: 23.6111%
G: 18.0556%


PROBABILITIES OF EACH NUCLEOTIDE PAIR: 
AA 16.6667%
AC 0%
AT 5.55556%
AG 8.33333%

CC 11.1111%
CA 2.77778%
CT 8.33333%
CG 0%

TT 8.33333%
TA 8.33333%
TC 8.33333%
TG 0%

GG 5.55556%
GA 16.6667%
GC 0%
GT 0%


HERE ARE 1000 DNA STRINGS GENERATED WITH THE SAME FREQUENCY OF NUCLEOTIDES AS ABOVE:
TAAG
CCAAATGC
CCGCC
A
GGTTCGGTAA
TGTAAT
GC
GG
CATACGTACGCA
TG
GATTTTT
AC
AACTGTTGATCAGATACC
CT
AACATGTACT
CCTGGCCC
AC
GC
TGTAG
GTACTATTTC
AT
TT
GGATGCAATCAG
GGCATCTTT
ATCTATT
TCACAAAGCAA
GCAGCGACCC
G
GAG
C
CCCGGGAGA
CGA
AAAAATAGG
GGAACGGCT
AT
GCCTAT
CCGAC
GAT
AAAAG
GAGGAA
T
ACAAGGTACT
TTG
CT
CCTGCGGCT
TCCCTC
GTTGTCTA
TGGACT
TGGGCTA
ACCGGGAAC
TGG
ATCT
A
T
AG
C
A
A
GTGGCCC
C
CGG
ATTC
GGGTTGCGC
CCC
C
T
T
CTACCT
TTGG
CTAAA
C
G
GA
C
CGTCC
A
TTCCATGCGAGCTTC
A
CCACT
GCT
ATCGGTGTC
AGCT
TTTTCGAAAA
CCATGGGCAT
GGCC
TGTTTAAATT
TATGATGCAAGGG
GCGCATTCATATA
AGC
TCG
TGTT
TTGTTG
C
CTTCGTG
CA
AGATAACC
TGAC
TGG
AC
GT
GTAAA
TCGCCACCA
C
GA
CCCGAC
ATAAG
CGCA
CCCCATACGAT
AAGAAACCGCGAGG
ATC
GAC
ACTCCC
C
TACACTGC
TGTAGGG
GTT
G
CGTCCTT
GG
AA
ATCCGTGT
GTTCTC
A
CATGG
GGCAAGGGTGAT
CCGAG
G
GTCCG
GTGA
TCGC
CTTCTC
AT
GGTCCGACTGA
AACGGGTG
CGGTACAT
A
CTTATA
CG
GTACC
CCTTACTTCGCA
TTCTA
CATGAAG
T
GTAAGCCA
G
GACC
TTCATGTG
CTCCAATCAA
ATAAT
CCTCC
GTTCAGCT
TGCACTCT
GGGGGG
CGAGCCTT
TCA
CTAAA
TGGGGC
TAGC
ATAGCCGCC
AGG
TCATTTTGT
ATTGCGC
C
TTCATC
CA
AG
CATATG
AATTTC
CT
G
GCATGCA
CGAAA
CAAACATCTTCTAG
A
CATAGG
ACTCCA
ACAAGAAG
CAT
TTAG
AA
TACGTCTTC
AATC
AGGAGTAAC
CAGGGG
TGGCAAATCTA
TTCCACA
G
TG
CTGT
AATGGCTTCGTCGCGCCC
ATTAATGTTAA
CTACAAATTGGCC
AATG
CACCTGCT
TA
AAA
CCGCGG
CGCGTAAAC
A
TAT
TCGCCC
GGCAGTCA
CTGAAG
TG
C
TACGAAATTCT
GTGGCAGA
TACGTA
ATGTTC
ATTATTAC
CCGAATGCT
TTCTGACG
AGGTCA
GG
TGTC
GGTATTA
ATTTAAGGGA
AT
AGCGCCT
AAC
TCACG
AGC
C
GGGTAGCGTCGATT
TCGGGAG
A
TAA
AG
A
GC
CGA
ACAGTG
CAT
T
TCA
GAGTAGT
GGT
GGTTAACA
ATCACA
CCG
GGAG
TA
GACTTACAGA
TCATGCGCTGT
TAGCAT
CGATTAG
ATGT
TTTCGGG
TATATCT
ATTTT
AGC
CCACAAA
G
TT
CCGCAGGACGT
GT
TCAA
GAAAC
CAGTCG
CGC
GACAAAGAC
GTACC
CCCACCC
GG
CT
CTCT
TT
CTGCGG
CGCATCCGG
TAGGTATCTAT
ACATA
TC
GGAGAGAA
CCCAAGC
AGG
ACATT
TGGTC
GATG
ATT
ATT
CGGTAATCA
CA
A
TA
GATTAAGG
CTT
CAACTTT
TTC
TTG
GT
AGTTGCGCGG
CGT
T
CCGCCCAAGTT
A
AA
GGT
GT
ATCTCTCAG
A
TTCGCGC
TGCTCGTCGT
ACC
TCGGGACCA
ACGTGTATGTCAA
TGGGTC
GGT
CCTAA
T
CCGCGTATAAAA
TCAGGATTT
G
CTCTGG
TGTGCCAAGA
TGATGGG
AT
T
AAA
TGCA
A
G
GAC
G
TAAGAA
TC
TCCACAGCTC
CTCGCTATCGTTT
ATTGT
TCGATC
AGCGAAACT
CCAGCTAA
ATGAAC
G
GAAT
ATGCT
CA
TCCAGTCGTT
C
TTC
C
CCCG
AAGAG
GGTAC
GCGATGAA
AG
TT
CCC
TTTA
GCAA
AC
GAA
CACCCACGACAA
CTG
TGAACTACA
C
CA
TAAT
CCGT
TGATG
CTATAGAAGCC
CCTCTGTAGTTCGC
GTC
GAACTAGT
GATTCA
ATTC
C
T
GCCTAT
CCTG
TCG
G
TC
GTAGT
TCGTCCCG
TG
TA
AAA
G
TCCCA
TCGCTTGTCCC
GAGACAGAGTAATAGA
C
ATC
TGAG
CGTAA
GC
GGAAC
CGCACC
AACGATG
TA
TCACGGAGA
GAGGA
GACGCTATTAGT
CCC
GCG
CTCACCGCAGC
GG
AGCG
AGATCA
CGCGCCAATTC
TA
T
CCG
ATTGGTA
TTGTCCG
T
AACCCTTG
AGC
ATTTCTAGTG
C
TTATA
CGGGGACCCGGCGTTAA
CTC
GTC
CTTAATTAGCAGA
AAC
CGATTGCT
GTACC
GTGCA
GC
GCCTTCC
TCCAGAACGGTCGATA
TCTC
T
T
AGC
C
AA
GTCC
GGC
TGTA
TCTAAGT
ACGT
TCCTATGATTT
AGTGCATGACAGCC
T
GCGTACGCGGGTGTATT
GAC
AAGGCAAA
CCTATCT
TTCG
CA
G
GAC
GT
GTTAGTGTGA
TGCG
CTTT
AAATACTGATAGAG
TTG
CCTGATTAACC
TG
ATAA
AATG
GT
CGTTTAACC
CGATTT
TTAGA
GGTGAGGTTTAG
C
TCGTTAGGAACTT
GA
TGA
TTTCTCCAGG
C
GCG
AAT
TCCTCCG
GA
GGTTGAACTGG
GGTTACGATATACGTT
CTCCCAGGGAGATTG
CTTGTG
GTCGA
TAAATCTGTG
GC
TTCTTGATA
TAA
CGGGCTAGT
AGACT
G
GCTAAAT
TTCT
ATCA
TTACCCGCACC
G
C
TCAC
GTTGTA
CACGC
G
ACCT
CTA
TCCTTG
TG
CGGGTCCC
GCTATTCTTTG
CATCTG
TCTCGCGTC
TC
TGTTACTTGGACC
A
TCTGACT
CGGACT
TTAGAGT
T
GGATTGT
GCT
TTAC
TTGGC
G
GTC
TATC
CCGGCTA
GAG
CAAATGAGCTG
CATATGTGC
AAGGGATGGT
GATGAA
TC
AAGGC
GCCTAACTACCGACCAAAG
AT
TCGCTGCC
TTC
GGGGGAC
G
CTGCG
ACGAAAGG
CTAG
CCAGGCTTACTAGCC
C
AG
CCAACCAA
ACT
AA
GCCTATA
TGTAGCTCT
TAGGA
ACCAC
CTACTG
T
GTTTTCCA
CACG
C
AT
CGCTGTG
AA
CTATAGC
A
CGTAA
G
ATGTCCTGT
CCACG
ACGCGGG
GGAGAACA
AA
CTAGACCG
GTAAGAA
AGCGG
AGTCTTC
AGCAAAA
GAC
AGCTACTACT
GTTTTCAGG
GA
GTTATTA
CTTCCGGCAC
C
CACGTGCGACTG
CTCG
TGCTAGACCGATGT
AATCGAAC
G
ATC
GGGAG
CGAAGAAA
C
ACGGGGA
CAGCC
AACTCCTCC
C
T
CCTACGC
TG
TTTC
CTT
TT
GGT
G
ACAC
GCG
AAACTAGCCC
AGGGAC
C
TGGCTT
ATGCATT
GT
T
GGCGTTC
AGA
GT
C
AGGGGC
CC
CAATATCGA
GTG
ACTGTTTGC
AATGG
CTAG
GTGGAGCCTCC
ACCCGA
A
CTGTTG
ATT
TAGC
ACAG
CG
CGCTA
CGCTTTTGAC
TG
ATCGACTCC
GCC
AAT
GCAGTACCT
GGT
GC
ATCT
GAGCTA
TC
TGTTCC
A
TCT
TTGACGTAATG
CCT
T
AGAAT
TT
CACGC
C
CTGGA
G
GCT
TTTACGCG
CC
GT
T
CA
ATACCCTTA
TCACC
TGGACGCA
CATTG
A
AAACGA
TACC
GCGATA
CAG
AAAAC
ACCT
GCT
A
CT
CATG
C
A
AACGAGGTG
TTGTTAGGT
CGGAGA
TACCGTCA
TT
G
T
TGAC
C
G
CACCGCGAATAGG
GG
AA
TTCTAGTTC
CGGT
TATGCCACT
AGT
GTCTT
CCATGA
TC
GGTTTCAT
G
GACACGAACAGGTCAGTG
GTCACAGGGAGCGGCA
GTGGGCGTATGACC
GAAA
CCCAC
AAACGGGATC
GT
AACTAGT
CCGACGCTCTT
TTTTGT
TTTAACTATAGTGCG
AA
ATACAC
GGGCCCA
GGG
CAGGTGCTTG
TG
G
TAGAA
ACC
GA
AACC
ACC
GTCTCGT
TTATAACTA
AGA
AAC
GACGCTG
TGG
CACTAG
CTA
GTA
AAAA
GAAGC
GGTTCACGAAAA
TGACATCG
ACGCC
GACG
ATTG
AAACCACTACA
GTCGAGTCACT
TATG
GTTCTTCTGGTA
C
GTCT
ATTA
CAC
TT
GAT
TGTACGTACC
GAGACT
TTCTAGTT
GAACGAACG
TTCCAC
TCA
TC
AT
CAATAAATAAATTAATCT
ATCCTAAC
TCCAA
AAAA
TA
AT
AATC
C
TT
TAC
CACCCCCAC
CTCCAA
AAATCCCCTC
TTA
ACAATCAA
A
TAAACTT
TCACT
ACA
CTT
A
CCACAAT
AACACTTAAAAA
A
CTTTT
CATCAA
TCA
CTCCCT
CCTCTA
AATAA
CTTAAC
ACT
T
TAACA
ATA
AACA
TTAATAACATT
ATATAAA
TAA
CT
TCACCACC
TTA
T
CTACTA
CATA
CCCCAC
ATATATT
T
CCAAATACC
CCCCTTT
ACATCACCC
AACAAACTCATA
CA
T
CTCATCCC
T
ATTAAATC
ACAT
CC
ATTTATA
CCC
CCCATTAA
CTCTC
CACCAT
TCACTAAAATCT
T
ATCTAAAA
TTATAA
AA
TAAATTTAA
TTTTAT
AAAAA
AT
ATTTTTA
A
TTT
TTTAAT
TAT
TA
TTAATT
AAATTATATTA
T
TATAT
TAAATATTTATTAT
AA
TTTAAATT
TAAATTAA
TAAT
TATA
TAATTTA
AATTTTAAAAAT
AATAAAAA
TAAATAA
TAA
AATATAA
TAAT
A
A
TAATTTAATAA
TATTAT
ATTATTTAAA
AATTATTTAAT
A
ATTTTTAA
AT
TTTA
ATAA
TATT
TATATATA
TAAAATA
AAT
TTATATAATT
AAATA
ATTT
AATA
TA
AAA
A
ATT
AAATATTT
A
AAAAA
AA
AAAA
AA
AAA
AAAAAA
AA
A
AA
AAA
AAA
A
AA
AAAAAA
AAAAAAAA
AAAAA
AAAA
A
AAAAAAAAAAAAA
A
AAAA
A
AAAA
AAAAAAAA
AAAAAAAA
AAA
AA
AA
AAAAA
AAA
AA
AAAAAAAAAA
AAAAAAA
AA
AAAAA
AAAAAA
AA
AAAAAAAAAA
AAAAAAA
AAAAA
AAA
AA
AAAAA
AAAA
AAAA
AAAA
A
AA
AA
AAAAA
AAAAAAAAAA
AA
AAAAA
AAAA
AA
AA
AA
AAAAA
AAAAAAAAAAAA
AAAAA
AAAAA
AAA
AA
AAAAAAAAAA
AA
AAAAAAA
AAAAAAAAAA
A
AAAAAAAAA
AAAA
AAAA
A
AAAAAA
AAAAAA
AAAA
AAAAAAAA
AAAAA
AAAAA
AAA
AAAAA
AAAAAAAAA
AAA
AAAAAAAAAA
A
AAAAAA
AA
A
AAAAA
AA
AA
AAAAA
AAAAA
AAAAAAAAAA
AAAAAAA
AAAAAAAAAAAAA
AAAAAAA
AAAAAAAAAAAAAAA
AAAA
AAAAAA
AAA
AAAAAA
AA
AAAA
AAAAA
AAAAAAAAAA
AAAAAAA
AAAAAAA
AAA
AAAAAA
AA
AAAAAAAAA
A
AAAAAAAAAAAA
AA
AAA
AAAAAAAAAA
AAAAAA
AAAAAAAA
AAAAA
AAAAAAAAAA
AAAAAAAAAAAAA
AAA
AAAAAAAAAAAA
AAAAAAAAAAAAAAAA
AAAAAAA
A
AAAAAAA
AAAA
AAAAAAAAAAAAA
AAAAAAAAAA
AAAAAA
AAAA
AA
AA
AAAAAAAAAA
AAAAA

-----------------------------------------------------------------------------------------


HERE THE STATISTICS FROM THE DNA :

MEAN DNA LENGTH: 4.27273
SUM OF THE DNA LENGTHS: 47
VARIANCE OF THE DNA LENGTHS: 6.19835
STANDARD DEVIATION OF DNA LENGTHS: 2.48965


PROBABILITIES OF EACH NUCLEOTIDE: 
A: 34.0426%
C: 2.12766%
T: 27.6596%
G: 36.1702%


PROBABILITIES OF EACH NUCLEOTIDE PAIR: 
AA 8.69565%
AC 0%
AT 13.0435%
AG 8.69565%

CC 0%
CA 0%
CT 4.34783%
CG 0%

TT 17.3913%
TA 0%
TC 0%
TG 0%

GG 17.3913%
GA 26.087%
GC 0%
GT 4.34783%


HERE ARE 1000 DNA STRINGS GENERATED WITH THE SAME FREQUENCY OF NUCLEOTIDES AS ABOVE:
TTA
GGGT
ACCTCTCGT
GCTTA
A
AC
TGCGC
CAG
GCT
GAAGCCTTGGTC
TGAC
AACCT
A
TCCG
T
AGGTTGTC
AA
GT
G
TACC
ACTA
C
GCGG
GCCGGCTTAAC
TCCT
CGTGAGAAAT
ACCCACACTGAGCT
GCGT
GAAA
ATGACAA
CTATACGCCAG
CCT
TGTAGAG
GAGG
GTG
AT
GT
CGACAG
TTACGCG
CAC
CGCAGTG
TCTTCACGC
C
ATCG
A
GGCTACAC
TCAATG
TCTGGAAAC
ACT
AAAGAGGTT
GGT
AC
GC
CCAGGTTTT
G
TAGATGAT
T
A
TCTACCTCGC
TAGGAT
CTAACG
AAG
TGGC
TGGGTGAGCTT
TAGCGGG
CCAC
G
GCGTGGC
ACAG
ATT
CTG
GATGGGGTG
A
A
GC
G
TT
TA
CCCTTCG
AAATGG
TT
TAAA
GTGA
T
TGTATGGA
ATTTGAT
GGTATGAA
ATATTT
TAGAGTAGT
A
TGAAT
T
AT
ATGGGT
A
GTGTTTGGG
GGGGTGAATG
GA
TTGTTTTA
AAAGG
AAAA
G
AAG
TGAG
GTGGGATA
TTGTG
TTTGT
AGG
T
AGATGAAAA
TT
G
G
AGAGTGGTA
ATTGA
G
GGGAGGT
TTGATG
T
AAAT
AA
GTG
G
T
GTTTAA
GAAAG
AGG
AGTT
TAGATT
GA
TAGAGA
A
GAGAAG
GAAT
TTTAA
AATTAT
GTGG
AGGGGTGTA
TTG
TAAGGA
TA
TA
AGTGA
TGGGTTAGGTG
GTTA
TG
TG
T
T
GTT
TTGA
GGGGGA
T
GGAGAG
T
TTAGGTTGATT
GTAATTT
GA
AAA
GGTAAA
GTGAGGGAT
GT
AAAAAT
A
AG
A
ATTAT
AAAAGAAAT
ATTTT
G
TTATAG
A
TAAATA
GGAA
TA
GTATTTAA
AT
GGGAGATTAT
AGGGGG
AATTATT
AG
TAAGTG
TTAAAAGTTAAA
ATATG
GGA
T
GTGAG
AG
GGTG
TATGAGA
GT
TTGA
GGAT
GTTT
TGATGGGTT
GGAATGTG
TG
TGTGG
ATA
AAGTGGGGA
T
GGTGT
GA
GGATTA
TG
G
GA
TTAGG
TTTGT
AGTTT
TT
AGTATAA
GAAAGGAA
A
GTA
TAATAGTTAATT
T
TG
GAT
GTGGA
GTGAAGGT
TGAGTT
TTGTG
TAGAATG
GTT
GGA
ATTAT
TGGGGG
TAGT
GA
AA
G
GGGAAGAT
T
GAGGTAT
ATTGAGAT
T
AGGGTTA
A
AGAGG
TGTATA
TG
TTA
T
AAAAA
AATATGA
GG
TGTTAAATGTGTGTTAGGT
TGTT
TG
GAG
GA
AATGATT
GTTT
GGAGG
GAAAA
GAA
AA
ATA
G
AGGTTAGGA
TGA
AT
AT
TTATGTAT
ATTTTGTGT
A
ATAGGGTGAGG
T
AATGTATAA
AAG
TGGGTA
AA
AGG
AG
GGG
TTGGTATATT
A
G
GGTG
TGTT
GTTGGT
A
AATTTG
G
TT
G
AA
AG
GTGATT
TGA
TA
AT
G
G
T
AA
A
T
GGTATA
G
GTT
A
TTAAGTGTAA
TGT
A
GGGTGGA
GTATTGG
ATGAAAG
AGTATT
TTTAAGGT
TATAGGTG
TGGATTGAAATGGG
GTTA
AT
TAGGGA
GGT
TTGTTATGT
TAGT
AAAGAG
ATTAGT
GTATTATGG
AAA
AAT
A
GT
GGA
TGAATA
TATT
TTTT
TGGGAGGGG
TGAATGGG
AT
G
AAG
G
A
GAGGAT
GTA
TGATGGT
GGA
GTT
AGT
ATTG
TA
TTTGTG
GAGAT
TG
AATG
G
G
ATTAAATGAGT
GTAGGTAAGTAT
TAA
AGG
ATGT
GTT
A
GGTATT
TTAGT
ATA
TT
TGG
TTTGTGGA
ATT
GTTT
ATTAGATGA
A
TTG
GTGT
ATT
GGATGTG
A
A
TTGAGA
AGAAATG
A
AAGGTT
GT
GAT
ATGAT
AGTGAT
GGTGTATGTT
AATGA
A
TA
AT
GTGGAGTT
AAAAAGTG
TTTTG
GGG
TTA
TA
AGATAATAGGTG
AGGATAGGG
TGAA
AAA
AA
TA
AAAAGTGATAGGAA
T
GAAATA
AAT
AT
AGAGATAAG
GA
A
AATGA
GGTTGTGTG
GTGGTG
GA
GAATTAAATGG
GGGTGATATGT
GAATGTA
GTAAAAGGTGTGA
TGG
TAGT
TGATT
TG
ATGAT
TTAG
GGTAA
G
GTGGAAT
GGTTT
GAAAGA
AA
TAAT
GT
AAGTG
ATATA
TATTT
T
GA
AGAGTGAGTGA
TGGTTTAGGA
A
A
ATGGGTGATA
A
AGTGTATGAAAT
AGTATT
GT
TGAA
G
GTAGA
AGAGGGAAAGT
TT
AATTATA
T
TGGGATGGG
GTAA
GATTTGTA
GTTTAT
ATTGT
TGAAAAAGG
GTGG
A
GTTG
GTAT
T
GTGTGTGT
TAT
GGATA
ATGAT
AAGA
TTAT
GGA
ATTA
TAA
ATATGAG
GAG
GGAAGGG
TTGGAG
AA
GT
TTGTAT
AA
AATA
AAGT
AA
TGA
GTAT
TGTAG
G
TGGAGGAGA
GAAT
T
AAT
GTA
GAGATG
GT
T
ATAAT
GGAGATGATG
AGTGGAGGGG
GGGTGG
GAATGGG
TTA
GAA
GGGAATA
AGA
TTGTAT
GATG
T
TGT
TTTTTAGTGTA
GG
G
TGGGGT
GATGTGA
GGAAGA
TAGA
ATG
AATG
AAGTGT
ATTAGAAAT
T
ATGA
A
TAATA
TAA
GAGAG
GTA
GT
TTAG
A
G
GT
GTTGGA
TTTAA
TAA
T
T
G
TGT
GGAA
GGGGA
A
G
T
TAATT
A
G
A
A
TTA
GA
GTG
ATGATATGT
GAAATAGG
TAG
TGAAGTTGG
GTAGAAG
AT
GATATGA
T
TAAATGTT
TGTGA
GTGAAATA
T
AAGTT
GGGG
AGTA
TAGA
TGTGG
TGTTGTGTTTAG
T
TGT
T
AGTG
GATGGATAG
GGTA
A
GGTTGTA
T
AAGAGG
AGG
TAGGA
TTTAGAG
GGAAGGTA
GGAT
TTTT
TAAA
AATTA
GG
ATTTA
G
TGA
A
GTAAT
ATTTA
A
AA
AAGA
TATAG
A
TTTTAGTAGGGAAA
AAATATGTA
GAAATTG
AAGTA
GAGAGA
AAT
GA
TGT
ATT
ATGTGT
TTGATGGT
AAATGA
AGGTGAAGTTGA
GTAT
AATAA
AGAAG
T
GTATATGTAAA
T
T
A
TAAT
AT
TATGTAGTGAATTTTGGGGT
ATGAAATTGT
T
A
ATGGTA
TAGTT
GAGAT
GGGT
AGG
AGAT
GG
G
GGG
TTTT
ATGTTGG
TAAGTTA
GTGA
AA
TG
TAGATT
ATT
G
GAAG
GATGGTGGA
GG
GGATTG
G
TTGGG
TTAT
A
GG
TAGT
ATGA
TGG
A
T
TTTAAAAGAGAG
GG
AGTA
T
ATGG
A
ATATT
ATGTA
GTTTGA
TAGGG
GGATA
AATGGG
AA
TGTAGTG
AGATGT
GGGA
GA
TAA
TAA
GTATGTATGATT
G
ATTTTTT
TGTGTAG
ATTTGGGTA
GGTTAA
AG
T
A
AAGAGGGT
TGGT
GT
A
TGTG
AA
TTGGAG
TGTA
AAGG
T
TGGTTG
A
TA
ATT
GTGA
ATAGT
TTGTTT
AGTATATTAT
TTATGAAT
GG
GGA
G
A
ATATAT
TGGGTAG
A
GG
T
G
TAGT
TTGGGGGTGA
AAA
TT
ATGATTAAGA
GTAAA
ATGTTAGTA
TAAA
AAT
TT
GGGTTG
TGGT
AT
T
GTTTTA
TT
ATTAGAT
GG
AATGGGTG
T
TAA
G
ATAGT
GTA
GA
A
TGAAA
T
ATAT
AT
GTTATAT
ATA
TATAG
GAAAGA
TG
ATGGT
GG
TAGTG
TA
AA
GAG
AAGT
AGAGG
GATGGGA
TAT
TGT
AT
AT
TATATAG
AGAGTA
TG
GATAT
TGTGT
AGGGA
T
A
AGTA
TAAG
AAGTTTT
TGT
GATATGGG
AA
GTA
ATGGTGA
TG
AA
GTAT
AGAATATAA
TTAT
ATAGTTAT
AGA
T
ATG
TTT
GA
AAA
T
TAGAGGGAGTGGA
TAA
T
AAGA
GGG
AATG
TTTATAGTA
TTA
AAGTGTGTA
T
GTGT
T
AAA
GGGT
A
A
TA
TTAATATA
AGTGTAGT
AAGATTGTT
A
AAATTTAAAA
AT
TAGG
GTGGGTT
GA
T
GATTA
G
G
TG
A
TGAAAGAT
TA
TA
GAAAGGAATTG
T
TTATAAGGA
ATATTT
GGT
GAG
TGATAG
A
TAAATGT
G
TGG
AATA
AA
TTG
AATA
TAGGAAGAA
AGAA
GG
A
A
AAGA
AAGAG
GAA
GA
AAG
AGAG
GGAAAGA
AG
AAAAGAAAGG
A
GAGAGGAGAA
GGAGA
GAAAG
GAAGAAG
GGA
AA
G
GAAAAAG
GGG
GGGGG
GGGGGA
GA
G
GAAAAAGGA
G
AG
AAGGG
AGGAAGGG
GAAAGGA
AAAGG
GG
GGAGA
GG
G
GA
G
AAGA
GAAG
GGGAGAAAGGAGA
GAG
AAAA
AAGAGGA
GAAGGA
GGG
GGGGAA
AGGAGGAG
GAAGGGG
AAAAAAGG
A
GGGG
AAGGGGAAGAA
AA
GAG
GGA
AGAG
AG
GAG
GG
GAGAGGGAA
G
GAAGGAAGGGAAGGGGG
A
AGAGAA
GA
AGGGGG
GAAAG
GG
GAGAGGAAAGGAGG
AAAAGAGGA
AAGGA
G
GAGGAG
G
AGAGAGAA
AAGAGA
AAG
AGGG
G
AGG
G
GG
GGA
GAGA
AAGAG
AAGGA
AAGGGGAAG
AGAAGA
GAGGGA
AGAAA
GAG
A
G
GGA
AGA
GGAAA
GGAGAGA
GGAG
AG
GAA
A
A
AAG
GAG
GGAG
AGAGG
GA
AAAGAGAGAGGGG
G
AAA
GAAGAAAA
AGAAAAA
AA
G
AG
AAAG
GAG
GGAAGGG
AGG
A
AAGA
GGAGGAAAG
AAAA
AGAA
AAGGG
GGAGGGGAAA
A
G
GA
AG
GGGGA
AGAA
GGGGGGGG
GAAAAGGGGAGAAGGGAG
AGGGGGGG
GGG
GGGGGGG
GGGGGGGGGGG
GGG
GGGGGGG
GGGGGG
GG
GGG
G
GG
G
GGGGGGG
GGG
GGG
GGGG
GGGGG
GGGG
GGGGGGG
GGGGGGGG
G
GGGGGGGG
GGGG

-----------------------------------------------------------------------------------------
