NAME: Diego Avena
STUDENT ID: 2299333


HERE THE STATISTICS FROM THE DNA :

MEAN DNA LENGTH: 6
SUM OF THE DNA LENGTHS: 72
VARIANCE OF THE DNA LENGTHS: 1.33333
STANDARD DEVIATION OF DNA LENGTHS: 1.1547


PROBABILITIES OF EACH NUCLEOTIDE: 
A: 37.5%
C: 20.8333%
T: 23.6111%
G: 18.0556%


PROBABILITIES OF EACH NUCLEOTIDE PAIR: 
AA 16.6667%
AC 0%
AT 5.55556%
AG 8.33333%

CC 11.1111%
CA 2.77778%
CT 8.33333%
CG 0%

TT 8.33333%
TA 8.33333%
TC 8.33333%
TG 0%

GG 5.55556%
GA 16.6667%
GC 0%
GT 0%


HERE ARE 1000 DNA STRINGS GENERATED WITH THE SAME FREQUENCY OF NUCLEOTIDES AS ABOVE:
T
TCCCTAAGG
TTGT
AATC
G
GCT
CACATG
CAAGG
CT
TAATA
TTGGTCTC
TCC
TATA
TTAAGT
TGTTGCT
A
GGACTC
GTGCGT
GTCTCCGCC
GACATCAAGT
ATCG
TAGT
GA
GAA
CATCAAAGG
AA
AATTGCTCTC
GCAATGTTGCACGG
TCGGA
GG
ATC
AGT
AGACATTATCTACA
C
TGAACC
C
TCTCTAAGAGAGT
TAACCCAGCTTCCGCAAGT
CTTAGTC
TC
GCATTCTC
TTC
GCC
TT
T
CT
T
TGAGC
AGCCTAACGA
ATGGAGGGGCC
TGTGGG
ATTC
AGCGGC
GTTCCCTCGCGGCTA
GTC
CTG
CT
GATA
GAGTTT
GTCCGAAAAGACTCT
AGT
GG
CG
GATCTG
ACACTGCCGG
CAG
GTCC
G
TGACAGCG
T
TCACTTAAGTATAGTGT
GATT
GCGGCAC
AAT
TCGCTTAGG
ATTGCCTCGGA
AAGGTATG
C
TTGAT
TTTGCCCAA
AT
CGCAATGCCGGTGCG
G
CCTCGAGA
T
TG
TAT
CCTCC
ATCTGGTGAAC
AG
ACAAGGACACAT
CTGGCTGCACGCAGTCGGCA
GGTCACTACGACCAC
AAAA
TG
CCAAGGACAG
CC
GGTGTTCTGAC
CGTCAACCTTC
GA
T
CA
TT
CCCACGAGA
TTCACGTT
TA
ACAAA
CG
CCGTGGCTTGCAAA
CGTAGGAC
CA
ATTCTCGTC
TTAGC
TCCG
CGCT
TTGAC
TGTTCGA
GATGCGCAGGAT
CC
GTGGCAG
GACGC
ATATCTA
AAGG
CAGGT
GGTGCCAAG
CGCTAAGCG
ACG
CGCAA
CGAT
CGTC
CG
TTATACGGA
GTGTATGATTAAAA
GGTGCCG
CCGGGCCTCGCGC
CAACC
GACCTTGT
TT
TTCATGAT
ACG
CGG
CGCAGC
C
TGCTTCACT
GTCATTTAGT
TCGAA
G
G
TGCAG
TA
C
CT
C
CGCGGCTCCT
TCGGG
CTTT
ACTTTGT
AGGAT
G
CTGTGAAC
GG
AC
CGC
AA
TCTCGTCTATC
GCGGCGT
AAGT
TTGA
GTTACCGTA
AAG
AA
CGGGGTCCTGCA
GC
T
TGCG
C
GA
C
CACAAAG
GCG
CTGA
CCGAT
CTCTCT
C
T
ATCTTCGC
TACTGCGCTT
C
TGAAGAAC
GCTT
CAG
TT
CGGA
AG
G
CATATAGTTAGAC
TTAGGCCGG
CCCCTTGGTGTTG
ACGGACC
ACGCG
AAAGCAG
GAAA
GGCAG
AT
AGCAAAGC
AC
AGATA
ACT
GCTTGCCTT
GGGAT
T
GCGTTG
C
GAAATTGG
CTCG
GATGAACGTAAATGATAC
GA
CG
CTTAT
A
TAAA
TTCTA
GCTCACGA
ATGATGCTGTGG
TCC
CTGC
GGATTGAGTTAC
CA
ATCTTCACCTAA
GCACG
GGGATCGAG
CAGGTACCTT
CCCCTGGCAGTGTAGT
GTACC
A
T
ATTTGCC
TT
A
CTGCCCGT
GTGTGTTGTCA
ATAT
AAGT
AC
AGA
GCAATAAATG
CACTAGTTCC
CCT
TTA
TT
A
GTTT
GC
GGGGAG
GACTTT
TGGAGTGTGAGT
ATCGAT
AG
GC
TCCTTGAC
ATC
GCCTGAGTTC
CAACAGG
G
GCCT
GCCTTC
CCCGGTG
TCGCG
AT
TTTC
TCACGGC
T
CTGAGTTTACA
CGAGGTTAAGCCCTG
CAAA
AG
TC
CAA
CAGT
CCAACAAACCGGC
CAAC
GCC
TACACA
CCTTGGTCGGGC
GTCCTG
GCAC
TCGCCCCCATCGC
GGATACCGTAT
CCGCATCTGCCCCTCC
CTT
TAGACGCAC
TC
TGTGA
AGTGGGCTTC
TCGGGTA
CAT
GGCATTTC
AACTC
CCAAAC
CATG
GCTAGCC
GTCC
GT
CTA
GTCAA
AAATTTCAA
GTC
CTG
CACTTCACTTC
AT
CCCA
AGC
TC
A
CGCCAA
TGCAT
GCAAT
ACCA
AAG
T
GCT
AG
GGGTATG
GAGT
GAAGT
T
CTA
CCT
TATAC
TTCT
CCGTCCC
CACCAAATCT
G
CAAAGA
TTCG
TTAGTT
ACAAATA
AA
TCTC
TTTCCTGTC
TT
AG
GTACCCA
T
ACA
GGGTT
ACCTTACTCCC
G
GAGA
TATTCAA
GGTG
TTTCA
TAGGTTG
ATAGC
GTT
TAA
ACCTAG
CGATTCA
AA
CGC
TAT
T
ATTT
ATTCAC
TATCTGTC
TTA
ATTGTTAATGGA
A
CGAGCTTACCACCCA
CCTAA
TACCCGTG
GGGA
ACGTCGCC
CCGGAC
C
AAT
AG
ACCA
TAC
TACCT
G
CTCGAC
GCA
CCTCG
AAAAAGCATC
T
GAAT
CATGGAC
GTAA
AATC
GTT
CAAGA
TCGAA
TCAATA
ATCAGG
GCCCTGAT
C
CGAAGTTTG
GCTAAT
CTAAAGCCT
GCTCAGAG
AG
AT
GAACCA
ATTACT
GT
A
TGG
CCCCTAATA
TTGTGTACCTCC
CGGGTCTCGAGCTG
A
CCTCAAG
TCG
TAACCAAAC
C
CAGTGACA
ACAGTA
T
AGGAGTC
TAGC
AT
GC
T
TCTCAC
TT
AGG
G
C
AAGAG
AGCATGTATAG
GC
TCAAGACCCAGCTGTACGAAC
TCCGC
TTCGAGGAA
ATACTG
TATAGACCC
AC
ACA
CGG
GTAGTTCAAATGCT
GTGGGAA
TTCGACAGGGCCCA
AG
TAGAA
TCGCCA
ATCAGA
T
T
GGA
TACAA
AGC
CA
AGTTTG
AGGGCGACCGCATC
TG
A
ATCCAAAG
CCGTCGGGC
AACTGGCGC
CACAGAGTTA
AGCACCTTGG
GCAC
TCTGCAA
GCACGATCG
A
AGTGTAAGC
GTGAAAGCAA
TG
ATG
AGA
TTAGCGCGAACGG
ATCTTCGC
GGG
CATG
A
ATGCAACGCCCACCC
T
AG
AT
G
CAAC
TGGTA
CT
TGAAG
GCACTTATC
TAATCCCC
AGC
CGAG
G
CTCG
TTCCAATTCCAG
TGAA
TGA
TTG
CCT
GC
ACCGCGTGA
TAAT
TACGCGCTC
GG
GC
CCCTTAC
G
CT
TC
TTA
CGAC
AGGACTC
CC
TGA
ACTGCTGCGGGC
AA
TAAGCGTACAAT
GTCCA
T
GG
AG
G
CTT
A
GCCAGTGCT
GTG
GATAGATTAGT
GGATCAACCTAAT
CTAG
A
AG
ATACC
CACGCTAA
AG
TCTAGCTTC
GAGAAAACAC
TTC
G
CATAGC
T
CCTATAAGAAGA
ATCGC
C
AAGCCCGTCA
GCTGAGC
A
AATCACATC
TC
GTTAGGCTGAT
A
AAACTAT
AAGCAATTACGAAGGT
C
TTG
TG
CCAGA
AGATGACGCAGAACAA
TTTCACGAAACTGCGA
A
AGATTCTT
AATGAGTACTCCT
CAGAAACTTTCC
G
AAA
TGCTGACCCTCCCCTG
TCTGT
TCTCTTCGGC
GA
CGTTTTCCG
ATGTAGGTGTT
C
AGACGA
ACA
CCGGCAC
GATAACA
CTT
TT
AACCTCGGCTC
CTTGA
CCATGAGT
GAAATAA
GAGCTGTTGCGTGT
T
AGAATCC
TTAACCCG
CTTTA
AGG
CGCAAACT
TTCAAGT
ATCATA
CCGC
A
C
CCAA
TACC
CACTAGCGACA
TT
GT
CGC
AAAC
G
CAAACAGCGTCGCATAAT
GTG
CCCATGTT
TG
CGTAA
TCT
TCCG
ATTAGCATGAGTCAATATT
GGCA
CTAGAAGAC
CTTGGAG
G
TCGCGAA
CGATAGTCAATTGTC
AGACGA
TT
C
ACCAT
GG
G
GCCGGAATT
GAAGCTGCCAGC
T
GGGCT
CACGT
TCCAACGG
CAAC
AT
TGCAA
CTTAGG
AGGATC
AGACC
CGTAGACGAT
TTAT
TGG
CAG
ACCGT
AT
GAT
GCATAGA
ATCCGG
CACT
AACTTTTA
CGCAC
TTCCG
TATA
GGATTCTGGCGTGGA
GC
G
TTGGTGG
AGGGGACT
TT
CGGCCCC
GGT
AG
AAAT
GGCTAATGACGCTAATGAGC
GCGTCGCAA
ACAGCATATAGA
AGACCAGT
CT
TTTTAG
GCATGCT
GA
AGTGGTAC
TCG
ATACT
CGAAAGA
GTGTCGTGTTGGGGAGTCT
CC
GCCAT
TTGA
A
A
GCCA
TGTACAC
CCCTTA
AAAAAT
TTACCAC
G
TCTAAGTTG
CGTT
T
GT
TGTTTGGA
CCC
TACGG
GTATGCTATA
ACA
CTA
C
GTTAC
GCACT
C
ACTGA
CCAGAAA
CGCGG
TAGCGCTA
GCAT
TGCCAAGCG
GTT
TG
TGGGGCGCC
ACTGGCCACACC
C
CTTCTGC
G
GAAGTAGA
A
ACCGGG
CGC
AG
GCGCAG
CGTGTTCAGATTTCA
TT
CCAACGAGGGCTCT
CGAAGT
GT
TCGAGCGCCCA
T
AC
CTGCCC
CT
CGCGACAGTC
ACT
CGTCGA
CAG
CAGGA
AA
C
TA
AAGT
TC
GCTATG
TGTAAGTG
ACTAAC
CTA
AAGA
TGC
CCATTCC
ACGGTTACATTT
G
GATCTTGG
C
ACTACT
GAGTTAGCTTT
TCATGCT
CAT
ATGTCATGCA
CTACAC
GAGACAACA
GC
AGAG
TGGTA
TTTGTTACA
TACTAAAA
ACCCC
CT
AAATT
TTTAACATAATC
TTCTTCA
ATATA
T
TCATAT
TAATA
CCC
AATCAA
CCTTTACATATT
ACAT
CT
TC
A
AAC
A
A
ACAATCCTCAC
CCCACCAT
CAACTT
ACT
CCACTCTATTAT
CCC
ATTTTACA
ATTTCCCC
TCT
AACA
CTCA
T
ACTC
ATTCTTTT
CATA
C
TATCCACCAAA
AACTATA
CC
CATCTAATCAA
AATTC
CCTAAAT
AATTTTATTATA
AAATAATA
TAAAATTAATAT
TT
AAAAAT
TAATTTTTA
AA
ATAT
T
A
AAT
ATTA
TTAAATATTTTTT
A
ATATT
TAATTTATTAATTAAAATATA
TAAATATA
ATAATAAAA
ATAAAAAT
TT
TAATTT
AATAT
ATTATAATAAA
TAAA
TA
AAA
AT
TAA
AAA
AA
AAAT
TATATT
TAAATTAAAATT
AAATA
TTAAT
T
AATAA
AA
TAT
T
AAAA
TAAT
AAAAT
ATTT
TA
TATAA
AAAA
AAAATTAAAAAAT
AATATTATTATT
ATA
AAAA
TATA
TTAAAATTATTA
TA
T
TA
A
AAATAAT
T
AT
TAA
ATATAAT
TAAAAA
TTTT
TAATTAT
ATAAATA
TTA
T
TTTTTTTATTTT
TTAATTT
TATT
TA
TAT
AAATTAATTAA
A
AATATAA
AAT
T
T
TTAA
TTAATTA
TATTTAA
AATTTTAATAT
A
TA
AATAAT
AATATAAAAAT
TA
T
TAAAAA
AAAAAA
A
AAAA
AA
AAAA
AAAA
AA
AAAAAAAAAAAAAAA
A
AAA
AAAAAAAAAAAAAAAA
AAAAAA
AAAAAAAAAAAAA
AAAAAAAAA
AAAAAAA
AAA
AAAAAAA
AAAAAAA
AAA
AAAAA
AA
AAAAAAA
AA
AAAAAAAAAAAAA
AAA
AAAAAAAAAA
AAAAAAAAA
AAAAAA
AAA
AAAAAAAA
AAAAAAAAA
AAAAAAAAAAAAAA
AAA
AAAAAA
AAAA
AAA
AAAA
AAAAAAAA
AA
AAAAAA
AAAAA
AAAA
A
AAAAAAAAA
A
AAAAA
AAAA
A
AA
AAAAAA
AAAAAA
AAAAAAAAAAAA
AAAAAAAAAA
AAAAA
AAAA
AA
AAAAA
AAAAAAAAAAAA
AAAA
AAAAAAAA
AAAAAAAAA
A
AAAAAAAAA
AAAAAAAAAAAAA
AAA
AAAAAAAAAAAAA
AAAAAAA
AAAA
AAAAAAAA
A
AAAAAAA
AAAAAA
A
AAAAAA
AAAAAAA
AAAAAAAAAA
AA
AAAAAAAAA
AAA
AAAAAAAAAA
AAAA
AAAAAAAAAA
AAAAAA
AAAAAAAAAA
AAAAAAAA
A
A
AAAAAAA
AAAAAAA
AAAAAAAAAAAAA
AA
AAAAA
AAAAAA
AAAA
AAAA
AAA
AAAAAAAAAA
AAAAAAA
A
AAAAAAA
AAA
AAA
AA
AAA
AAAAAA
AAAAAAAA
A
AAA
AAA
A
AAAAAAAA
AAAAAAA
AAAA
AAAA
AAAAAAAA
A

-----------------------------------------------------------------------------------------


HERE THE STATISTICS FROM THE DNA :

MEAN DNA LENGTH: 4.27273
SUM OF THE DNA LENGTHS: 47
VARIANCE OF THE DNA LENGTHS: 6.19835
STANDARD DEVIATION OF DNA LENGTHS: 2.48965


PROBABILITIES OF EACH NUCLEOTIDE: 
A: 34.0426%
C: 2.12766%
T: 27.6596%
G: 36.1702%


PROBABILITIES OF EACH NUCLEOTIDE PAIR: 
AA 8.69565%
AC 0%
AT 13.0435%
AG 8.69565%

CC 0%
CA 0%
CT 4.34783%
CG 0%

TT 17.3913%
TA 0%
TC 0%
TG 0%

GG 17.3913%
GA 26.087%
GC 0%
GT 4.34783%


HERE ARE 1000 DNA STRINGS GENERATED WITH THE SAME FREQUENCY OF NUCLEOTIDES AS ABOVE:
TTAGAAG
TAACGATCA
GGGG
TTC
T
TGCA
GC
CC
TTAC
ATGGTG
AGA
CA
AAAAC
CCAAGCGTTATTC
TAGTT
ACTCTG
CAAC
CGA
CTTCG
A
TAGT
GTAC
CACT
TGTG
T
TTTATTTTT
GGGAAG
A
TCTCGA
ACCAAAT
AC
CTCGGCG
ATCTCGCC
A
CAAA
CAA
GTT
CGCTAC
TGATTTC
GATTAGGGC
C
ATGC
TTC
CCG
TGTAA
A
TCGTT
TGGTAGGAC
C
GA
GGACTTTGAGGGG
ACC
CCAG
CTTAAGG
AGGGGTG
A
A
GGAG
GA
ATTG
TTTGGC
CAGACA
ACC
AC
GGAG
GAC
TTTTGGA
TGAGTCAC
CGC
GGCGA
CGTT
GTGCGGGT
CGGTAG
CCCGAAA
AGAGG
TC
TTCCGCCTACG
CAC
GACC
GTGCGGCG
GGG
T
AGTTAGTGGTGGA
AACTG
GCATGTTC
TCA
A
AA
ATAG
TAGTCT
ATAT
A
CACTCG
GGAA
ATAATT
TTGGTTGAAT
AA
GT
TTA
A
GA
GT
TAGTTA
A
TATGAA
GG
A
ATAGGTA
GTGA
AGTGGG
TA
TATAT
AAG
GA
TGG
A
TATTTTT
AGTGTG
GGG
GTG
TAA
A
ATATAA
AAGTTTAA
TA
A
TAAGG
TT
AGGTA
GTTGGT
G
AT
A
GAG
TAGAGGG
AGTGG
AGAAAT
GGGAGTGTAGT
A
GTATTATT
G
T
ATTT
GATGG
GAT
ATG
AAAGAAAAT
GGGTA
G
GTGTGGAAA
ATGTAAG
AGGTG
TTA
A
AAT
GGAA
AGG
ATTGG
TGAT
AGATTTA
TAG
A
TT
AT
AGTTGTGA
GGA
GAGTGA
AGA
A
T
TGTAA
GTTT
TT
TTTA
G
TATT
TTATAA
GAAAGGGG
ATGAG
TAAA
GTGATGAA
AG
TGATG
AT
GTG
GAGTATT
TTTAG
AGGTTG
GGTTGATG
GTG
G
AGGTAGAATAAG
AA
AAAGAAAAAAAAT
GT
GTA
AT
A
ATTT
GTAGGTT
GTAGTAAGA
TGATTT
AGAT
A
T
TTAAG
TGGGATGGT
GGAGTTGA
TTA
TT
A
GA
A
AT
GAT
AGTTGGTA
AG
AAT
GAAGT
TAGTAGGT
AAAATTGG
GGTG
GGGAA
GGTTGTA
TGTGTAG
TG
T
AGTG
AGG
AGTTAT
GGTTAG
AGGGAAA
GTGTGA
A
ATGG
GTA
AA
AT
ATAATGTG
AG
TTGTTTATT
GTATTG
G
GA
ATG
AGT
TGAGTTATAGGA
GA
G
ATAAGGG
TG
ATGTAA
TGAGAG
TTGA
GGT
AGTA
TGA
TATTAG
T
AGTTA
GGG
GGGGA
GT
AGTTA
GG
A
AAGTAGT
TTATT
AGAGTG
ATT
T
G
GAGTTT
G
GA
TAATATGG
TGTGTAG
GAGTG
GGGATTA
GGTTGG
TG
TATATTTTTTG
ATGGATTTGG
A
AATTTATATGT
AGTG
ATTGGTATA
TGTGTAA
AGGATTA
G
TATTAGG
AGAAGAGATAT
GAG
A
T
GAA
TTGAAGTGTTGA
AG
G
A
AAG
G
GTAAA
GTG
GAA
AATGAAAGATTAAG
AAAT
ATAAGGG
AA
TTAGT
AT
AGAGGATT
G
AAATG
ATGA
AGATG
AA
AATTGG
TTGGGAG
ATGAT
T
GT
AA
AGT
TGTAG
TTATT
TAT
TGTTAGA
AGA
ATAAATTTG
GGGGTGT
AGT
GGA
GAGTTTTGG
A
TAGGAAA
A
TAGATTGTTA
GGAGTTGTTT
AGG
AT
TATGG
G
TGTT
T
G
ATAAG
TAGA
ATA
AGG
AG
AT
ATGTTAGT
TGAT
GTGT
GTTTAG
TTATATGGTT
A
GAG
GG
AAG
TGTT
TT
GTGAG
AGATG
TTAA
GTG
TTT
AATG
GTTT
A
ATTA
ATG
GTAAAAA
TGAAT
AAT
AT
TTGAG
TATTATT
GATAGAAGAA
TTGTAG
G
GTTATA
G
TATG
ATTTTTT
A
GTTTGT
AA
ATGT
AGG
AAAGAAA
GTG
A
GTAGA
A
TAATGGGG
TGG
TTTAGATAATGAG
TGTA
GA
GGTTA
GAAGATATTGGAT
G
AGT
TTT
T
ATTAATAGAAG
GA
ATAGAGTTAG
TTGTGT
G
TTGGTA
ATGGATG
TTGAT
GAAAGAGG
TGAGGA
TAATAGAG
TA
AGA
TAATAGGA
TTGGG
TAGGG
TATAAGGAG
AG
GT
A
AA
ATGAGTGAG
TGAAATTA
T
AT
TGGGGGG
TGGTGAG
AAGGGGG
GTTGTAGTAGGGTG
TTGGGGTTG
G
GATG
AGATTTTGGA
GAAAAGGTG
TAT
AAGAAAAA
TAAAT
GG
ATGG
GTAATATT
AAT
AA
G
A
TA
AGGTTGA
A
TGATTTA
GTAA
A
GGAAA
TTT
TAGATA
TA
AGTGGAGATTTG
T
GAAGGGAATAT
GATTGATG
AAGT
GG
A
AG
GA
ATAT
AG
AG
GGG
A
TGAT
AAAGAA
GGTA
AAAGAA
ATTGATA
TT
ATGTGTT
TGGGGGA
ATTT
TGGAGAA
A
TTTGTAA
TTTAT
GTTAGT
TAA
GA
ATTTGGTA
GTA
AA
TT
GG
TGTATGATGG
AT
A
AGGA
A
AG
GATGATGT
GTAAATGAAAT
AAATGGG
G
GTTAGG
AAGGTAGAT
ATAA
TTATTAAG
TATGTGTA
A
TTATGAA
A
GGTATTAGAAGG
GGAGGAGT
G
AGAATGT
GAGGGTAAA
A
TTTT
GAAGTT
GA
AGTA
TTGTTT
GGGTTGGA
AGAT
A
ATGGTGGT
GTGT
AATTTTTGA
TTTAGGT
T
G
T
TTAAAG
GAGTTAGAT
AAGAGATT
GA
TAAATGG
GAAAATGG
ATTTT
AG
GT
ATAGAA
A
T
G
AATTGGG
GATTGAAGT
G
AATTTAG
GGGAGGA
TA
ATGAA
AG
TA
TATT
TTGAG
AGT
TGAAGAAT
TGGTT
GTTATG
T
GTAAG
G
GGG
TATT
A
GAGG
GAAG
GT
T
AAGT
AGAATGTTTGTT
TG
A
AAT
TATTGGTG
TGAGGGATAT
AG
ATTAG
GTT
TATGTG
GTG
GTA
GAAA
T
GGTGT
TAT
AGTAA
GTG
TTT
GAGTA
ATATATT
G
ATATATGTAA
TTG
T
TA
A
TA
GAT
G
GGAAGAAAAA
A
G
AATG
AGA
A
ATGTATT
TG
T
AGTG
AGTAGTGT
A
ATTG
A
ATGGATAGATA
TAG
TAA
ATT
AGA
GA
ATGTG
T
AAGGTGATA
AT
GTAGAGAAG
G
GTAGGAT
G
GTTAGGT
T
TTT
T
AA
AAAATT
T
TAAT
GTGTGATGATT
GT
TGTT
TTAAG
AGAAATGT
GAGTTAA
ATGTGA
AATAAATTTA
AATG
TGAGG
GGT
TGA
GTATA
GATA
GTGAAGTGAA
G
AA
GATTAT
TG
G
ATT
TAGG
A
GT
TAAA
TTTAGA
TGG
AATGTAA
AT
G
ATTAG
AGTGTTTTTGGGG
TA
GTT
GGAATA
AA
AATGGGGT
ATG
GATT
TTTATTGGGA
GTAG
AGTTGA
ATG
TTTATGAT
GATAG
GT
AT
AAGTTGTAGG
TA
TGAGT
ATAAAA
ATGATAA
TT
TTTTG
ATA
ATA
GT
T
GAGTTATTG
GGG
GGT
GTA
TTATG
T
AGGG
TGTA
ATTG
GGATT
GTAGG
TATTA
GGA
T
GTGAT
AGGA
TTAGAT
GA
AAAATATA
AGAGGAATAG
TTAAA
AG
TGTG
A
G
TGGAAGGGGAT
ATGTTG
GGTAGGTATTATA
GTAA
AATGT
GTGTAAATTTT
AGGGAGAT
TGGG
GTGTTG
TTGATATA
AT
AT
A
GGA
ATGAATTA
GGGAA
TTGAAAGGG
GAG
ATA
GT
GTTGA
TTTT
TAT
TAATTGG
A
TG
TAGAA
AGAAA
TTTTAG
GAATT
AAAG
GAGAA
ATAAGATGA
GGT
AGTTATTG
TTAGAT
GGGATG
ATATGT
T
TTATGG
ATAG
TG
GG
GGAGTGG
A
AAG
AGTAGGAG
GGTATAT
G
ATATGAATAT
A
GAGAGG
TGAAATGG
ATGA
AA
TTT
GGA
GTGTT
GTT
GA
GTAGTAATTGA
GTG
TT
GTA
AAAA
T
G
GTTTTA
TGA
A
GATAGGATG
GG
TT
GT
GTGTATTGT
GAA
TT
TGGGAT
TAATTAT
GTTTAA
GAATAAAT
GATT
TTTTA
GAATGG
AATTGAGGTGGAG
TATAAT
T
G
AAA
GAGA
TTTGAGGTTT
GGTGG
ATT
A
GAG
TAT
AATTTTA
A
GAGGT
TGAATTGAATAA
G
GTTA
TATAGAT
TGGGT
AAAAGGA
TATGA
TAG
TAA
AAAATG
AAA
GGTTTTG
TGTGG
T
TGGGGA
T
TAGTAGAAT
GG
TGTA
GTAA
GTAGG
TGATTGTAA
TTTG
GGG
ATTTGGTTG
AGG
AAG
G
GGAGAAGGGAA
GGGAGA
A
GA
GAA
AAGGGAGAAAGA
GAAGGA
AGGAGAGAG
GAAGGG
AGGG
GA
GGAG
AAGGGA
G
AGGAGGAA
AAGGA
AG
GAG
GA
GAGAAA
GAAGAGGAAGAGGGA
AGAA
AGAA
AG
GAAA
GGGG
GAAAGGAGGA
GAAA
GAAG
AAA
AAG
GAG
AAAGGGGAG
AGGGGGGG
AA
GA
AGGAAAAG
AAAGG
GG
AGAGAA
GAA
G
AA
GGAGAGAGAAGG
GAGAG
AAGA
GAGAAG
GA
AGAGA
AAAAAAAAA
GAA
GAAAA
AG
AAAA
AAA
GAAA
AG
AAAGGAA
AA
AG
GGAA
AGGGG
AAG
A
A
AGGAAGG
GGGAG
AGG
AAAA
GAAAGA
AAGG
AGGGAAAG
AGAGGGG
AA
GGGAAAA
AAAG
AGAGG
GAAAGGAG
AGA
GGAA
AAAAGA
GGAAA
GA
GAAAA
AAAG
G
GGGAG
AAAGA
A
GAAG
GAAGAG
AAGGGAAG
GAAAAGAGGGGAG
GAA
GAGAAG
GGAAAA
GGA
AGAAAGGAA
GGAAGGGG
GAAAAGAAA
GAGGGAAA
AAGAGAGGAG
GG
GGA
G
GAA
G
GAGGGAGA
GG
GGGGGG
GGGGGGGG
GGG
GGGGGGGG
GGGGGGGGGGG
GGGGG
GG
G
GGGGGG
GGGGGGGGGGG
GG
GGGGGG
GGG
GG
GGGGG
GGGGGG
GGGGGGGG
GGGGGGGGGGGGGGGG
GGGG
GGGGGG
GGGG
GGGGG
G
G
GG
GGGGG
GG
GGG
GG
GGGGGGGG
GGGGGGGGG
GGGG
GGGGG
G
GGGG
GGG
GGGG
G
GGG
GGGG
GGGG
GGGG

-----------------------------------------------------------------------------------------
